TN:
SF:src\services\slices\constructorSlice.ts
FN:20,reducer
FN:30,prepare
FN:37,moveDown
FN:41,moveUp
FN:45,deleteIngredient
FN:48,clearIngredients
FN:55,BurgerConstructorSelector
FNF:7
FNH:6
FNDA:13,reducer
FNDA:13,prepare
FNDA:1,moveDown
FNDA:1,moveUp
FNDA:1,deleteIngredient
FNDA:1,clearIngredients
FNDA:0,BurgerConstructorSelector
DA:1,1
DA:2,1
DA:3,1
DA:4,1
DA:5,1
DA:6,1
DA:7,1
DA:8,1
DA:9,1
DA:10,1
DA:11,1
DA:12,1
DA:13,1
DA:14,1
DA:15,1
DA:16,1
DA:17,1
DA:18,1
DA:19,1
DA:20,1
DA:21,13
DA:22,13
DA:23,13
DA:24,13
DA:25,4
DA:26,4
DA:27,4
DA:28,9
DA:29,1
DA:30,1
DA:31,13
DA:32,4
DA:33,4
DA:34,9
DA:35,9
DA:36,1
DA:37,1
DA:38,1
DA:39,1
DA:40,1
DA:41,1
DA:42,1
DA:43,1
DA:44,1
DA:45,1
DA:46,1
DA:47,1
DA:48,1
DA:49,1
DA:50,1
DA:51,1
DA:52,1
DA:53,1
DA:54,1
DA:55,1
DA:56,1
DA:57,1
DA:58,1
DA:59,1
DA:60,1
DA:61,1
DA:62,1
DA:63,1
DA:64,1
DA:65,1
DA:66,1
DA:67,1
LF:67
LH:67
BRDA:20,0,0,13
BRDA:24,1,0,4
BRDA:28,2,0,9
BRDA:30,3,0,13
BRDA:31,4,0,4
BRDA:34,5,0,9
BRDA:37,6,0,1
BRDA:41,7,0,1
BRDA:45,8,0,1
BRDA:48,9,0,1
BRF:10
BRH:10
end_of_record
TN:
SF:src\services\slices\ingredientsSlices.ts
FN:27,ingredientsStateSelector
FN:29,extraReducers
FNF:2
FNH:1
FNDA:0,ingredientsStateSelector
FNDA:1,extraReducers
DA:1,1
DA:2,1
DA:3,1
DA:4,1
DA:5,1
DA:6,1
DA:7,1
DA:8,1
DA:9,1
DA:10,1
DA:11,1
DA:12,1
DA:13,1
DA:14,1
DA:15,1
DA:16,1
DA:17,1
DA:18,1
DA:19,1
DA:20,1
DA:21,1
DA:22,1
DA:23,1
DA:24,1
DA:25,1
DA:26,1
DA:27,1
DA:28,1
DA:29,1
DA:30,1
DA:31,1
DA:32,1
DA:33,1
DA:34,1
DA:35,1
DA:36,1
DA:37,1
DA:38,1
DA:39,1
DA:40,1
DA:41,1
DA:42,1
DA:43,1
DA:44,1
DA:45,1
DA:46,1
LF:46
LH:46
BRDA:29,0,0,1
BRDA:31,1,0,1
BRDA:35,2,0,1
BRDA:39,3,0,1
BRF:4
BRH:4
end_of_record
